<?xml version="1.0" encoding="UTF-8"?>
<!-- Generated by org.testng.reporters.JUnitReportReporter -->
<testsuite hostname="DESKTOP-IE0GR64" failures="0" tests="1" name="com.actitime.pom.LoginPagePOM1maninmethod" time="16.881" errors="0" timestamp="2023-03-23T17:17:48 IST" skipped="0">
  <testcase classname="com.actitime.pom.LoginPagePOM1maninmethod" name="login1" time="16.881"/>
  <system-out/>
</testsuite> <!-- com.actitime.pom.LoginPagePOM1maninmethod -->
