<?xml version="1.0" encoding="UTF-8"?>
<!-- Generated by org.testng.reporters.JUnitReportReporter -->
<testsuite hostname="DESKTOP-IE0GR64" failures="0" tests="1" name="com.actitime.testscript.Demotest" time="0.002" errors="0" timestamp="2023-03-13T23:37:50 IST" skipped="0">
  <testcase classname="com.actitime.testscript.Demotest" name="demo" time="0.002"/>
  <system-out>
    <![CDATA[welcome
welcome]]>
  </system-out>
</testsuite> <!-- com.actitime.testscript.Demotest -->
