<?xml version="1.0" encoding="UTF-8"?>
<!-- Generated by org.testng.reporters.JUnitReportReporter -->
<testsuite hostname="DESKTOP-IE0GR64" failures="0" tests="1" name="com.actitime.testscript.DemoScreenshot1" time="3.469" errors="0" timestamp="2023-03-17T17:35:32 IST" skipped="0">
  <testcase classname="com.actitime.testscript.DemoScreenshot1" name="screenshott" time="3.469"/>
  <system-out>
    <![CDATA[screenshott]]>
  </system-out>
</testsuite> <!-- com.actitime.testscript.DemoScreenshot1 -->
