<?xml version="1.0" encoding="UTF-8"?>
<!-- Generated by org.testng.reporters.JUnitReportReporter -->
<testsuite hostname="DESKTOP-IE0GR64" failures="0" tests="3" name="com.actitime.testscript.TaskModule" time="0.009" errors="0" timestamp="2023-03-13T23:37:50 IST" skipped="0">
  <testcase classname="com.actitime.testscript.TaskModule" name="cratetask" time="0.004"/>
  <system-out>
    <![CDATA[cratetask]]>
  </system-out>
  <testcase classname="com.actitime.testscript.TaskModule" name="deletetask" time="0.003"/>
  <system-out>
    <![CDATA[deletetask]]>
  </system-out>
  <testcase classname="com.actitime.testscript.TaskModule" name="modifytask" time="0.002"/>
  <system-out>
    <![CDATA[modifytask]]>
  </system-out>
</testsuite> <!-- com.actitime.testscript.TaskModule -->
