<?xml version="1.0" encoding="UTF-8"?>
<!-- Generated by org.testng.reporters.JUnitReportReporter -->
<testsuite hostname="DESKTOP-IE0GR64" failures="0" tests="2" name="com.actitime.testscript.ProjectModule" time="0.015" errors="0" timestamp="2023-03-13T23:37:50 IST" skipped="0">
  <testcase classname="com.actitime.testscript.ProjectModule" name="modifymodule" time="0.003"/>
  <system-out>
    <![CDATA[modifymodule]]>
  </system-out>
  <testcase classname="com.actitime.testscript.ProjectModule" name="createmodule" time="0.012"/>
  <system-out>
    <![CDATA[createmodule]]>
  </system-out>
</testsuite> <!-- com.actitime.testscript.ProjectModule -->
