<?xml version="1.0" encoding="UTF-8"?>
<!-- Generated by org.testng.reporters.JUnitReportReporter -->
<testsuite hostname="DESKTOP-IE0GR64" failures="0" tests="2" name="com.actitime.testscript.customerModule" time="16.495" errors="0" timestamp="2023-03-17T20:15:04 IST" skipped="0">
  <testcase classname="com.actitime.testscript.customerModule" name="modifycustomer" time="6.657"/>
  <system-out>
    <![CDATA[modifycustomer]]>
  </system-out>
  <testcase classname="com.actitime.testscript.customerModule" name="deletecustomer" time="9.838"/>
  <system-out>
    <![CDATA[deletecustomer]]>
  </system-out>
</testsuite> <!-- com.actitime.testscript.customerModule -->
