<?xml version="1.0" encoding="UTF-8"?>
<!-- Generated by org.testng.reporters.JUnitReportReporter -->
<testsuite hostname="DESKTOP-IE0GR64" failures="0" tests="1" name="com.actitime.pom.LoginPagePOMmainmethod" time="14.601" errors="0" timestamp="2023-03-23T16:34:46 IST" skipped="0">
  <testcase classname="com.actitime.pom.LoginPagePOMmainmethod" name="login1page" time="14.601"/>
  <system-out/>
</testsuite> <!-- com.actitime.pom.LoginPagePOMmainmethod -->
