<?xml version="1.0" encoding="UTF-8"?>
<!-- Generated by org.testng.reporters.JUnitReportReporter -->
<testsuite hostname="DESKTOP-IE0GR64" failures="0" tests="3" name="com.actitime.testscript.Annotation1" time="0.029" errors="0" timestamp="2023-03-14T21:48:45 IST" skipped="0">
  <testcase classname="com.actitime.testscript.Annotation1" name="createccustomer" time="0.013"/>
  <system-out>
    <![CDATA[createccustomer]]>
  </system-out>
  <testcase classname="com.actitime.testscript.Annotation1" name="modifycustomer" time="0.005"/>
  <system-out>
    <![CDATA[modifycustomer]]>
  </system-out>
  <testcase classname="com.actitime.testscript.Annotation1" name="deletecustomer" time="0.011"/>
  <system-out>
    <![CDATA[deletecustomer]]>
  </system-out>
</testsuite> <!-- com.actitime.testscript.Annotation1 -->
