<?xml version="1.0" encoding="UTF-8"?>
<!-- Generated by org.testng.reporters.JUnitReportReporter -->
<testsuite hostname="DESKTOP-IE0GR64" failures="0" tests="1" name="com.actitime.testscript.DemoScreenShot" time="3.299" errors="0" timestamp="2023-03-17T17:23:47 IST" skipped="0">
  <testcase classname="com.actitime.testscript.DemoScreenShot" name="Screenshot" time="3.299"/>
  <system-out>
    <![CDATA[Screenshot]]>
  </system-out>
</testsuite> <!-- com.actitime.testscript.DemoScreenShot -->
