<?xml version="1.0" encoding="UTF-8"?>
<!-- Generated by org.testng.reporters.JUnitReportReporter -->
<testsuite hostname="DESKTOP-IE0GR64" failures="0" tests="1" name="com.actitime.testscript.DemoAssertion1" time="2.793" errors="0" timestamp="2023-03-14T00:59:31 IST" skipped="0">
  <testcase classname="com.actitime.testscript.DemoAssertion1" name="VerifyTitle1" time="2.793"/>
  <system-out/>
</testsuite> <!-- com.actitime.testscript.DemoAssertion1 -->
