<?xml version="1.0" encoding="UTF-8"?>
<!-- Generated by org.testng.reporters.JUnitReportReporter -->
<testsuite hostname="DESKTOP-IE0GR64" failures="0" tests="3" name="com.actitime.testscript.customermodule1" time="0.018" errors="0" timestamp="2023-03-13T23:37:50 IST" skipped="0">
  <testcase classname="com.actitime.testscript.customermodule1" name="deletecustomer" time="0.006"/>
  <system-out>
    <![CDATA[deletecustomer]]>
  </system-out>
  <testcase classname="com.actitime.testscript.customermodule1" name="createcustomer" time="0.006"/>
  <system-out>
    <![CDATA[createcustomer]]>
  </system-out>
  <testcase classname="com.actitime.testscript.customermodule1" name="modifycustomer" time="0.006"/>
  <system-out>
    <![CDATA[modifycustomer]]>
  </system-out>
</testsuite> <!-- com.actitime.testscript.customermodule1 -->
